<?xml version="1.0" encoding="UTF-8"?>
<!-- Generated by org.testng.reporters.JUnitXMLReporter -->
<testsuite ignored="0" hostname="Atul" failures="0" tests="4" name="Test1" time="105.706" errors="0" timestamp="2021-12-21T12:24:06 IST">
  <testcase classname="UnitTestingTool.TC_CreateAcc_003" name="createAcc" time="14.203"/>
  <testcase classname="UnitTestingTool.TC_CreateAcc_002" name="createAcc" time="53.549"/>
  <testcase classname="UnitTestingTool.TC_CreateAcc_004" name="createAcc" time="21.272"/>
  <testcase classname="UnitTestingTool.TC_CreateAcc_001" name="createAcc" time="16.608"/>
</testsuite> <!-- Test1 -->
