<?xml version="1.0" encoding="UTF-8"?>
<!-- Generated by org.testng.reporters.JUnitXMLReporter -->
<testsuite ignored="0" hostname="Atul" failures="1" tests="1" name="Test" time="12.677" errors="0" timestamp="2021-12-27T17:59:44 IST">
  <testcase classname="listeners.demo" name="createAcc" time="11.201">
    <failure type="java.lang.ArithmeticException" message="/ by zero">
      <![CDATA[java.lang.ArithmeticException: / by zero
at listeners.demo.createAcc(demo.java:21)
at java.base/java.util.ArrayList.forEach(ArrayList.java:1511)
... Removed 27 stack frames]]>
    </failure>
  </testcase> <!-- createAcc -->
</testsuite> <!-- Test -->
