<?xml version="1.0" encoding="UTF-8"?>
<!-- Generated by org.testng.reporters.JUnitXMLReporter -->
<testsuite hostname="TYSS-Sumanth" ignored="1" name="Default test" tests="2" failures="0" timestamp="2021-12-17T13:05:05 IST" time="0.044" errors="0">
  <testcase name="modify_Account" time="0.008" classname="unitTestingTool.TC_Account_001"/>
  <testcase name="create_Account" time="0.001" classname="unitTestingTool.TC_Account_001"/>
  <testcase name="delete_Account" time="0.0" classname="unitTestingTool.TC_Account_001">
    <ignored/>
  </testcase> <!-- delete_Account -->
</testsuite> <!-- Default test -->
